#! /usr/local/Cellar/icarus-verilog/10.1.1/bin/vvp
:ivl_version "10.1 (stable)" "(v10_1_1)";
:ivl_delay_selection "TYPICAL";
:vpi_time_precision - 12;
:vpi_module "system";
:vpi_module "vhdl_sys";
:vpi_module "v2005_math";
:vpi_module "va_math";
S_0x7fe819d04d60 .scope module, "fulladder_test" "fulladder_test" 2 3;
 .timescale -9 -12;
v0x7fe819f11730_0 .var "a", 15 0;
v0x7fe819f11800_0 .var "b", 15 0;
v0x7fe819f11890_0 .var "cin", 0 0;
v0x7fe819f11940_0 .net "cout", 0 0, L_0x7fe819f11ac0;  1 drivers
v0x7fe819f119f0_0 .net "sum", 15 0, L_0x7fe819f11ba0;  1 drivers
S_0x7fe819d04ec0 .scope module, "DUT" "_16bit_adder_continuous" 2 11, 3 3 0, S_0x7fe819d04d60;
 .timescale -9 -12;
    .port_info 0 /OUTPUT 16 "sum"
    .port_info 1 /OUTPUT 1 "cout"
    .port_info 2 /INPUT 16 "a"
    .port_info 3 /INPUT 16 "b"
    .port_info 4 /INPUT 1 "cin"
L_0x106e07050 .functor BUFT 1, C4<0>, C4<0>, C4<0>, C4<0>;
v0x7fe819d05020_0 .net *"_s10", 0 0, L_0x106e07050;  1 drivers
v0x7fe819f10df0_0 .net *"_s11", 16 0, L_0x7fe819f11f40;  1 drivers
v0x7fe819f10eb0_0 .net *"_s13", 16 0, L_0x7fe819f120b0;  1 drivers
L_0x106e07098 .functor BUFT 1, C4<0000000000000000>, C4<0>, C4<0>, C4<0>;
v0x7fe819f10f50_0 .net *"_s16", 15 0, L_0x106e07098;  1 drivers
v0x7fe819f11000_0 .net *"_s17", 16 0, L_0x7fe819f121d0;  1 drivers
v0x7fe819f110f0_0 .net *"_s3", 16 0, L_0x7fe819f11cc0;  1 drivers
L_0x106e07008 .functor BUFT 1, C4<0>, C4<0>, C4<0>, C4<0>;
v0x7fe819f111a0_0 .net *"_s6", 0 0, L_0x106e07008;  1 drivers
v0x7fe819f11250_0 .net *"_s7", 16 0, L_0x7fe819f11e00;  1 drivers
v0x7fe819f11300_0 .net "a", 15 0, v0x7fe819f11730_0;  1 drivers
v0x7fe819f11410_0 .net "b", 15 0, v0x7fe819f11800_0;  1 drivers
v0x7fe819f114c0_0 .net "cin", 0 0, v0x7fe819f11890_0;  1 drivers
v0x7fe819f11560_0 .net "cout", 0 0, L_0x7fe819f11ac0;  alias, 1 drivers
v0x7fe819f11600_0 .net "sum", 15 0, L_0x7fe819f11ba0;  alias, 1 drivers
L_0x7fe819f11ac0 .part L_0x7fe819f121d0, 16, 1;
L_0x7fe819f11ba0 .part L_0x7fe819f121d0, 0, 16;
L_0x7fe819f11cc0 .concat [ 16 1 0 0], v0x7fe819f11730_0, L_0x106e07008;
L_0x7fe819f11e00 .concat [ 16 1 0 0], v0x7fe819f11800_0, L_0x106e07050;
L_0x7fe819f11f40 .arith/sum 17, L_0x7fe819f11cc0, L_0x7fe819f11e00;
L_0x7fe819f120b0 .concat [ 1 16 0 0], v0x7fe819f11890_0, L_0x106e07098;
L_0x7fe819f121d0 .arith/sum 17, L_0x7fe819f11f40, L_0x7fe819f120b0;
    .scope S_0x7fe819d04d60;
T_0 ;
    %vpi_call 2 20 "$dumpfile", "16bit_adder_continuous.vcd" {0 0 0};
    %vpi_call 2 21 "$dumpvars" {0 0 0};
    %pushi/vec4 65280, 0, 16;
    %store/vec4 v0x7fe819f11730_0, 0, 16;
    %pushi/vec4 65535, 0, 16;
    %store/vec4 v0x7fe819f11800_0, 0, 16;
    %pushi/vec4 1, 0, 1;
    %store/vec4 v0x7fe819f11890_0, 0, 1;
    %end;
    .thread T_0;
    .scope S_0x7fe819d04d60;
T_1 ;
    %delay 1000, 0;
    %load/vec4 v0x7fe819f11730_0;
    %ix/load 4, 1, 0;
    %flag_set/imm 4, 0;
    %shiftl 4;
    %load/vec4 v0x7fe819f11890_0;
    %pad/u 16;
    %or;
    %store/vec4 v0x7fe819f11730_0, 0, 16;
    %vpi_call 2 31 "$monitor", "%4dns monitor: = a=%d b=%d cin=%d sum=%d cout=%d", $stime, v0x7fe819f11730_0, v0x7fe819f11800_0, v0x7fe819f11890_0, v0x7fe819f119f0_0, v0x7fe819f11940_0 {0 0 0};
    %jmp T_1;
    .thread T_1;
    .scope S_0x7fe819d04d60;
T_2 ;
    %delay 2000, 0;
    %load/vec4 v0x7fe819f11800_0;
    %ix/load 4, 2, 0;
    %flag_set/imm 4, 0;
    %shiftr 4;
    %store/vec4 v0x7fe819f11800_0, 0, 16;
    %jmp T_2;
    .thread T_2;
    .scope S_0x7fe819d04d60;
T_3 ;
    %delay 3000, 0;
    %load/vec4 v0x7fe819f11890_0;
    %inv;
    %store/vec4 v0x7fe819f11890_0, 0, 1;
    %jmp T_3;
    .thread T_3;
    .scope S_0x7fe819d04d60;
T_4 ;
    %delay 15000, 0;
    %vpi_call 2 36 "$finish" {0 0 0};
    %end;
    .thread T_4;
# The file index is used to find the file name in the following table.
:file_names 4;
    "N/A";
    "<interactive>";
    "tb_16bit_continuous.v";
    "continuous_adder_16bit.v";
