--------------------------------------------------------------------------------
Release 14.7 Trace  (nt)
Copyright (c) 1995-2013 Xilinx, Inc.  All rights reserved.

C:\Xilinx\14.7\ISE_DS\ISE\bin\nt\unwrapped\trce.exe -intstyle ise -v 3 -s 2 -n
3 -fastpaths -xml top.twx top.ncd -o top.twr top.pcf -ucf t.ucf

Design file:              top.ncd
Physical constraint file: top.pcf
Device,package,speed:     xc7a100t,csg324,C,-2 (PRODUCTION 1.10 2013-10-13)
Report level:             verbose report

Environment Variable      Effect 
--------------------      ------ 
NONE                      No environment variables were set
--------------------------------------------------------------------------------

INFO:Timing:2698 - No timing constraints found, doing default enumeration.
INFO:Timing:3412 - To improve timing, see the Timing Closure User Guide (UG612).
INFO:Timing:2752 - To get complete path coverage, use the unconstrained paths 
   option. All paths that are not constrained will be reported in the 
   unconstrained paths section(s) of the report.
INFO:Timing:3339 - The clock-to-out numbers in this timing report are based on 
   a 50 Ohm transmission line loading model.  For the details of this model, 
   and for more information on accounting for different loading conditions, 
   please see the device datasheet.



Data Sheet report:
-----------------
All values displayed in nanoseconds (ns)

Setup/Hold to clock clk100mhz
------------+------------+------------+------------+------------+------------------+--------+
            |Max Setup to|  Process   |Max Hold to |  Process   |                  | Clock  |
Source      | clk (edge) |   Corner   | clk (edge) |   Corner   |Internal Clock(s) | Phase  |
------------+------------+------------+------------+------------+------------------+--------+
btnc        |    6.650(R)|      SLOW  |   -1.411(R)|      FAST  |CLK_OUT3          |   0.000|
btnd        |    4.832(R)|      SLOW  |   -1.485(R)|      FAST  |CLK_OUT3          |   0.000|
btnl        |    5.151(R)|      SLOW  |   -1.496(R)|      FAST  |CLK_OUT3          |   0.000|
btnr        |    4.663(R)|      SLOW  |   -1.403(R)|      FAST  |CLK_OUT3          |   0.000|
btnu        |    4.915(R)|      SLOW  |   -1.633(R)|      FAST  |CLK_OUT3          |   0.000|
sw0         |    6.300(R)|      SLOW  |   -2.062(R)|      FAST  |CLK_OUT3          |   0.000|
sw1         |    6.612(R)|      SLOW  |   -1.837(R)|      FAST  |CLK_OUT3          |   0.000|
sw2         |    6.864(R)|      SLOW  |   -1.832(R)|      FAST  |CLK_OUT3          |   0.000|
sw3         |    6.194(R)|      SLOW  |   -1.940(R)|      FAST  |CLK_OUT3          |   0.000|
sw4         |    6.493(R)|      SLOW  |   -1.915(R)|      FAST  |CLK_OUT3          |   0.000|
sw5         |    6.270(R)|      SLOW  |   -1.782(R)|      FAST  |CLK_OUT3          |   0.000|
sw6         |    6.569(R)|      SLOW  |   -2.550(R)|      FAST  |CLK_OUT3          |   0.000|
sw7         |    6.341(R)|      SLOW  |   -1.935(R)|      FAST  |CLK_OUT3          |   0.000|
sw8         |    6.224(R)|      SLOW  |   -2.655(R)|      FAST  |CLK_OUT3          |   0.000|
sw9         |    6.623(R)|      SLOW  |   -3.016(R)|      FAST  |CLK_OUT3          |   0.000|
------------+------------+------------+------------+------------+------------------+--------+

Clock clk100mhz to Pad
------------+-----------------+------------+-----------------+------------+------------------+--------+
            |Max (slowest) clk|  Process   |Min (fastest) clk|  Process   |                  | Clock  |
Destination |  (edge) to PAD  |   Corner   |  (edge) to PAD  |   Corner   |Internal Clock(s) | Phase  |
------------+-----------------+------------+-----------------+------------+------------------+--------+
RGB1_Blue   |         6.469(R)|      SLOW  |         1.588(R)|      FAST  |CLK_OUT3          |   0.000|
RGB1_Green  |         6.379(R)|      SLOW  |         1.369(R)|      FAST  |CLK_OUT3          |   0.000|
RGB1_Red    |         6.596(R)|      SLOW  |         1.523(R)|      FAST  |CLK_OUT3          |   0.000|
a           |         5.549(R)|      SLOW  |         1.633(R)|      FAST  |CLK_OUT3          |   0.000|
b           |         5.793(R)|      SLOW  |         1.713(R)|      FAST  |CLK_OUT3          |   0.000|
c           |         4.668(R)|      SLOW  |         1.190(R)|      FAST  |CLK_OUT3          |   0.000|
d           |         5.209(R)|      SLOW  |         1.477(R)|      FAST  |CLK_OUT3          |   0.000|
d0          |         5.405(R)|      SLOW  |         1.664(R)|      FAST  |CLK_OUT3          |   0.000|
d1          |         5.413(R)|      SLOW  |         1.670(R)|      FAST  |CLK_OUT3          |   0.000|
d2          |         5.906(R)|      SLOW  |         1.887(R)|      FAST  |CLK_OUT3          |   0.000|
d3          |         5.482(R)|      SLOW  |         1.685(R)|      FAST  |CLK_OUT3          |   0.000|
d4          |         4.682(R)|      SLOW  |         1.213(R)|      FAST  |CLK_OUT3          |   0.000|
d5          |         5.450(R)|      SLOW  |         1.702(R)|      FAST  |CLK_OUT3          |   0.000|
d6          |         6.524(R)|      SLOW  |         2.181(R)|      FAST  |CLK_OUT3          |   0.000|
d7          |         5.293(R)|      SLOW  |         1.499(R)|      FAST  |CLK_OUT3          |   0.000|
e           |         5.080(R)|      SLOW  |         1.419(R)|      FAST  |CLK_OUT3          |   0.000|
f           |         5.450(R)|      SLOW  |         1.625(R)|      FAST  |CLK_OUT3          |   0.000|
g           |         4.673(R)|      SLOW  |         1.203(R)|      FAST  |CLK_OUT3          |   0.000|
led0        |         9.912(R)|      SLOW  |         2.441(R)|      FAST  |CLK_OUT3          |   0.000|
led1        |         9.193(R)|      SLOW  |         2.022(R)|      FAST  |CLK_OUT3          |   0.000|
led2        |         9.590(R)|      SLOW  |         2.246(R)|      FAST  |CLK_OUT3          |   0.000|
led3        |         8.869(R)|      SLOW  |         1.880(R)|      FAST  |CLK_OUT3          |   0.000|
led4        |         8.927(R)|      SLOW  |         1.910(R)|      FAST  |CLK_OUT3          |   0.000|
led5        |         9.061(R)|      SLOW  |         2.195(R)|      FAST  |CLK_OUT3          |   0.000|
led6        |         8.917(R)|      SLOW  |         2.108(R)|      FAST  |CLK_OUT3          |   0.000|
led7        |         8.221(R)|      SLOW  |         2.103(R)|      FAST  |CLK_OUT3          |   0.000|
led8        |         8.256(R)|      SLOW  |         2.096(R)|      FAST  |CLK_OUT3          |   0.000|
led9        |         9.614(R)|      SLOW  |         2.193(R)|      FAST  |CLK_OUT3          |   0.000|
led10       |         8.454(R)|      SLOW  |         2.457(R)|      FAST  |CLK_OUT3          |   0.000|
led11       |         8.589(R)|      SLOW  |         2.306(R)|      FAST  |CLK_OUT3          |   0.000|
led12       |         8.667(R)|      SLOW  |         2.199(R)|      FAST  |CLK_OUT3          |   0.000|
led13       |         8.946(R)|      SLOW  |         2.330(R)|      FAST  |CLK_OUT3          |   0.000|
led14       |         8.352(R)|      SLOW  |         2.258(R)|      FAST  |CLK_OUT3          |   0.000|
led15       |         8.477(R)|      SLOW  |         2.502(R)|      FAST  |CLK_OUT3          |   0.000|
------------+-----------------+------------+-----------------+------------+------------------+--------+

Clock to Setup on destination clock clk100mhz
---------------+---------+---------+---------+---------+
               | Src:Rise| Src:Fall| Src:Rise| Src:Fall|
Source Clock   |Dest:Rise|Dest:Rise|Dest:Fall|Dest:Fall|
---------------+---------+---------+---------+---------+
clk100mhz      |    4.892|         |         |         |
---------------+---------+---------+---------+---------+

Pad to Pad
---------------+---------------+---------+
Source Pad     |Destination Pad|  Delay  |
---------------+---------------+---------+
clk100mhz      |RGB1_Blue      |    5.905|
clk100mhz      |RGB1_Green     |    5.815|
clk100mhz      |RGB1_Red       |    6.212|
---------------+---------------+---------+


Analysis completed Thu Jun 22 23:29:31 2017 
--------------------------------------------------------------------------------

Trace Settings:
-------------------------
Trace Settings 

Peak Memory Usage: 410 MB



